mode: set
github.com/pv/uniset2-viewer-go/internal/storage/memory.go:13.33,17.2 1 1
github.com/pv/uniset2-viewer-go/internal/storage/memory.go:19.54,21.2 1 1
github.com/pv/uniset2-viewer-go/internal/storage/memory.go:23.109,34.2 5 1
github.com/pv/uniset2-viewer-go/internal/storage/memory.go:36.115,44.27 6 1
github.com/pv/uniset2-viewer-go/internal/storage/memory.go:44.27,46.54 1 1
github.com/pv/uniset2-viewer-go/internal/storage/memory.go:46.54,48.4 1 1
github.com/pv/uniset2-viewer-go/internal/storage/memory.go:51.2,55.8 1 1
github.com/pv/uniset2-viewer-go/internal/storage/memory.go:58.105,66.26 6 1
github.com/pv/uniset2-viewer-go/internal/storage/memory.go:66.26,69.3 2 1
github.com/pv/uniset2-viewer-go/internal/storage/memory.go:69.8,72.3 2 1
github.com/pv/uniset2-viewer-go/internal/storage/memory.go:74.2,78.8 1 1
github.com/pv/uniset2-viewer-go/internal/storage/memory.go:81.60,85.34 3 1
github.com/pv/uniset2-viewer-go/internal/storage/memory.go:85.34,87.28 2 1
github.com/pv/uniset2-viewer-go/internal/storage/memory.go:87.28,88.36 1 1
github.com/pv/uniset2-viewer-go/internal/storage/memory.go:88.36,90.5 1 1
github.com/pv/uniset2-viewer-go/internal/storage/memory.go:92.3,92.25 1 1
github.com/pv/uniset2-viewer-go/internal/storage/memory.go:92.25,94.4 1 0
github.com/pv/uniset2-viewer-go/internal/storage/memory.go:94.9,96.4 1 1
github.com/pv/uniset2-viewer-go/internal/storage/memory.go:99.2,99.12 1 1
github.com/pv/uniset2-viewer-go/internal/storage/memory.go:102.39,104.2 1 1
github.com/pv/uniset2-viewer-go/internal/storage/sqlite.go:16.55,18.16 2 0
github.com/pv/uniset2-viewer-go/internal/storage/sqlite.go:18.16,20.3 1 0
github.com/pv/uniset2-viewer-go/internal/storage/sqlite.go:22.2,22.41 1 0
github.com/pv/uniset2-viewer-go/internal/storage/sqlite.go:22.41,25.3 2 0
github.com/pv/uniset2-viewer-go/internal/storage/sqlite.go:27.2,27.36 1 0
github.com/pv/uniset2-viewer-go/internal/storage/sqlite.go:30.37,42.16 2 0
github.com/pv/uniset2-viewer-go/internal/storage/sqlite.go:42.16,44.3 1 0
github.com/pv/uniset2-viewer-go/internal/storage/sqlite.go:45.2,45.12 1 0
github.com/pv/uniset2-viewer-go/internal/storage/sqlite.go:48.109,50.16 2 0
github.com/pv/uniset2-viewer-go/internal/storage/sqlite.go:50.16,52.3 1 0
github.com/pv/uniset2-viewer-go/internal/storage/sqlite.go:54.2,58.16 2 0
github.com/pv/uniset2-viewer-go/internal/storage/sqlite.go:58.16,60.3 1 0
github.com/pv/uniset2-viewer-go/internal/storage/sqlite.go:62.2,62.12 1 0
github.com/pv/uniset2-viewer-go/internal/storage/sqlite.go:65.115,72.16 2 0
github.com/pv/uniset2-viewer-go/internal/storage/sqlite.go:72.16,74.3 1 0
github.com/pv/uniset2-viewer-go/internal/storage/sqlite.go:75.2,77.51 2 0
github.com/pv/uniset2-viewer-go/internal/storage/sqlite.go:80.105,90.16 2 0
github.com/pv/uniset2-viewer-go/internal/storage/sqlite.go:90.16,92.3 1 0
github.com/pv/uniset2-viewer-go/internal/storage/sqlite.go:93.2,95.51 2 0
github.com/pv/uniset2-viewer-go/internal/storage/sqlite.go:98.92,100.18 2 0
github.com/pv/uniset2-viewer-go/internal/storage/sqlite.go:100.18,103.59 3 0
github.com/pv/uniset2-viewer-go/internal/storage/sqlite.go:103.59,105.4 1 0
github.com/pv/uniset2-viewer-go/internal/storage/sqlite.go:107.3,108.67 2 0
github.com/pv/uniset2-viewer-go/internal/storage/sqlite.go:108.67,110.4 1 0
github.com/pv/uniset2-viewer-go/internal/storage/sqlite.go:112.3,115.5 1 0
github.com/pv/uniset2-viewer-go/internal/storage/sqlite.go:118.2,122.8 1 0
github.com/pv/uniset2-viewer-go/internal/storage/sqlite.go:125.60,127.16 2 0
github.com/pv/uniset2-viewer-go/internal/storage/sqlite.go:127.16,129.3 1 0
github.com/pv/uniset2-viewer-go/internal/storage/sqlite.go:130.2,130.12 1 0
github.com/pv/uniset2-viewer-go/internal/storage/sqlite.go:133.39,135.2 1 0
github.com/pv/uniset2-viewer-go/internal/sensorconfig/sensorconfig.go:21.35,23.2 1 1
github.com/pv/uniset2-viewer-go/internal/sensorconfig/sensorconfig.go:26.33,28.2 1 1
github.com/pv/uniset2-viewer-go/internal/sensorconfig/sensorconfig.go:31.32,33.2 1 1
github.com/pv/uniset2-viewer-go/internal/sensorconfig/sensorconfig.go:36.33,38.2 1 1
github.com/pv/uniset2-viewer-go/internal/sensorconfig/sensorconfig.go:71.26,77.2 1 1
github.com/pv/uniset2-viewer-go/internal/sensorconfig/sensorconfig.go:80.55,82.16 2 0
github.com/pv/uniset2-viewer-go/internal/sensorconfig/sensorconfig.go:82.16,84.3 1 0
github.com/pv/uniset2-viewer-go/internal/sensorconfig/sensorconfig.go:86.2,86.20 1 0
github.com/pv/uniset2-viewer-go/internal/sensorconfig/sensorconfig.go:90.48,92.51 2 1
github.com/pv/uniset2-viewer-go/internal/sensorconfig/sensorconfig.go:92.51,94.3 1 0
github.com/pv/uniset2-viewer-go/internal/sensorconfig/sensorconfig.go:96.2,99.42 2 1
github.com/pv/uniset2-viewer-go/internal/sensorconfig/sensorconfig.go:99.42,100.32 1 1
github.com/pv/uniset2-viewer-go/internal/sensorconfig/sensorconfig.go:100.32,108.4 5 1
github.com/pv/uniset2-viewer-go/internal/sensorconfig/sensorconfig.go:112.2,117.17 3 1
github.com/pv/uniset2-viewer-go/internal/sensorconfig/sensorconfig.go:121.50,122.14 1 1
github.com/pv/uniset2-viewer-go/internal/sensorconfig/sensorconfig.go:122.14,124.3 1 1
github.com/pv/uniset2-viewer-go/internal/sensorconfig/sensorconfig.go:125.2,125.22 1 1
github.com/pv/uniset2-viewer-go/internal/sensorconfig/sensorconfig.go:129.55,130.14 1 1
github.com/pv/uniset2-viewer-go/internal/sensorconfig/sensorconfig.go:130.14,132.3 1 1
github.com/pv/uniset2-viewer-go/internal/sensorconfig/sensorconfig.go:133.2,133.23 1 1
github.com/pv/uniset2-viewer-go/internal/sensorconfig/sensorconfig.go:137.43,138.14 1 1
github.com/pv/uniset2-viewer-go/internal/sensorconfig/sensorconfig.go:138.14,140.3 1 1
github.com/pv/uniset2-viewer-go/internal/sensorconfig/sensorconfig.go:141.2,141.21 1 0
github.com/pv/uniset2-viewer-go/internal/sensorconfig/sensorconfig.go:145.48,146.14 1 1
github.com/pv/uniset2-viewer-go/internal/sensorconfig/sensorconfig.go:146.14,148.3 1 0
github.com/pv/uniset2-viewer-go/internal/sensorconfig/sensorconfig.go:149.2,150.33 2 1
github.com/pv/uniset2-viewer-go/internal/sensorconfig/sensorconfig.go:150.33,151.28 1 1
github.com/pv/uniset2-viewer-go/internal/sensorconfig/sensorconfig.go:151.28,153.4 1 1
github.com/pv/uniset2-viewer-go/internal/sensorconfig/sensorconfig.go:155.2,155.15 1 1
github.com/pv/uniset2-viewer-go/internal/sensorconfig/sensorconfig.go:159.46,160.14 1 1
github.com/pv/uniset2-viewer-go/internal/sensorconfig/sensorconfig.go:160.14,162.3 1 0
github.com/pv/uniset2-viewer-go/internal/sensorconfig/sensorconfig.go:163.2,164.33 2 1
github.com/pv/uniset2-viewer-go/internal/sensorconfig/sensorconfig.go:164.33,165.26 1 1
github.com/pv/uniset2-viewer-go/internal/sensorconfig/sensorconfig.go:165.26,167.4 1 1
github.com/pv/uniset2-viewer-go/internal/sensorconfig/sensorconfig.go:169.2,169.15 1 1
github.com/pv/uniset2-viewer-go/internal/sensorconfig/sensorconfig.go:173.36,174.14 1 1
github.com/pv/uniset2-viewer-go/internal/sensorconfig/sensorconfig.go:174.14,176.3 1 1
github.com/pv/uniset2-viewer-go/internal/sensorconfig/sensorconfig.go:177.2,177.26 1 1
github.com/pv/uniset2-viewer-go/internal/sensorconfig/sensorconfig.go:191.38,200.2 1 1
github.com/pv/uniset2-viewer-go/internal/sensorconfig/sensorconfig.go:203.50,204.14 1 0
github.com/pv/uniset2-viewer-go/internal/sensorconfig/sensorconfig.go:204.14,206.3 1 0
github.com/pv/uniset2-viewer-go/internal/sensorconfig/sensorconfig.go:207.2,208.33 2 0
github.com/pv/uniset2-viewer-go/internal/sensorconfig/sensorconfig.go:208.33,210.3 1 0
github.com/pv/uniset2-viewer-go/internal/sensorconfig/sensorconfig.go:211.2,211.15 1 0
github.com/pv/uniset2-viewer-go/internal/uniset/client.go:18.40,25.2 1 1
github.com/pv/uniset2-viewer-go/internal/uniset/client.go:27.53,31.16 3 1
github.com/pv/uniset2-viewer-go/internal/uniset/client.go:31.16,33.3 1 1
github.com/pv/uniset2-viewer-go/internal/uniset/client.go:34.2,36.38 2 1
github.com/pv/uniset2-viewer-go/internal/uniset/client.go:36.38,38.3 1 1
github.com/pv/uniset2-viewer-go/internal/uniset/client.go:40.2,41.16 2 1
github.com/pv/uniset2-viewer-go/internal/uniset/client.go:41.16,43.3 1 0
github.com/pv/uniset2-viewer-go/internal/uniset/client.go:45.2,45.18 1 1
github.com/pv/uniset2-viewer-go/internal/uniset/client.go:49.54,51.16 2 1
github.com/pv/uniset2-viewer-go/internal/uniset/client.go:51.16,53.3 1 1
github.com/pv/uniset2-viewer-go/internal/uniset/client.go:55.2,56.54 2 1
github.com/pv/uniset2-viewer-go/internal/uniset/client.go:56.54,58.3 1 0
github.com/pv/uniset2-viewer-go/internal/uniset/client.go:60.2,60.20 1 1
github.com/pv/uniset2-viewer-go/internal/uniset/client.go:64.72,66.16 2 1
github.com/pv/uniset2-viewer-go/internal/uniset/client.go:66.16,68.3 1 0
github.com/pv/uniset2-viewer-go/internal/uniset/client.go:71.2,72.51 2 1
github.com/pv/uniset2-viewer-go/internal/uniset/client.go:72.51,74.3 1 0
github.com/pv/uniset2-viewer-go/internal/uniset/client.go:76.2,77.9 2 1
github.com/pv/uniset2-viewer-go/internal/uniset/client.go:77.9,79.3 1 1
github.com/pv/uniset2-viewer-go/internal/uniset/client.go:81.2,82.57 2 1
github.com/pv/uniset2-viewer-go/internal/uniset/client.go:82.57,84.3 1 0
github.com/pv/uniset2-viewer-go/internal/uniset/client.go:85.2,88.49 2 1
github.com/pv/uniset2-viewer-go/internal/uniset/client.go:88.49,90.59 2 0
github.com/pv/uniset2-viewer-go/internal/uniset/client.go:90.59,92.4 1 0
github.com/pv/uniset2-viewer-go/internal/uniset/client.go:95.2,95.21 1 1
github.com/pv/uniset2-viewer-go/internal/uniset/client.go:99.74,101.16 2 1
github.com/pv/uniset2-viewer-go/internal/uniset/client.go:101.16,103.3 1 0
github.com/pv/uniset2-viewer-go/internal/uniset/client.go:105.2,106.54 2 1
github.com/pv/uniset2-viewer-go/internal/uniset/client.go:106.54,108.3 1 0
github.com/pv/uniset2-viewer-go/internal/uniset/client.go:110.2,110.21 1 1
github.com/pv/uniset2-viewer-go/internal/logger/logger.go:10.13,14.2 1 0
github.com/pv/uniset2-viewer-go/internal/logger/logger.go:17.44,21.16 3 0
github.com/pv/uniset2-viewer-go/internal/logger/logger.go:22.14,23.49 1 0
github.com/pv/uniset2-viewer-go/internal/logger/logger.go:24.10,25.49 1 0
github.com/pv/uniset2-viewer-go/internal/logger/logger.go:28.2,29.22 2 0
github.com/pv/uniset2-viewer-go/internal/logger/logger.go:33.37,33.63 1 0
github.com/pv/uniset2-viewer-go/internal/logger/logger.go:34.37,34.64 1 0
github.com/pv/uniset2-viewer-go/internal/logger/logger.go:35.37,35.63 1 0
github.com/pv/uniset2-viewer-go/internal/logger/logger.go:36.37,36.64 1 0
github.com/pv/uniset2-viewer-go/internal/config/config.go:29.22,48.66 14 0
github.com/pv/uniset2-viewer-go/internal/config/config.go:48.66,50.3 1 0
github.com/pv/uniset2-viewer-go/internal/config/config.go:52.2,52.12 1 0
github.com/pv/uniset2-viewer-go/internal/config/config.go:56.45,57.32 1 0
github.com/pv/uniset2-viewer-go/internal/config/config.go:58.15,59.25 1 0
github.com/pv/uniset2-viewer-go/internal/config/config.go:60.25,61.24 1 0
github.com/pv/uniset2-viewer-go/internal/config/config.go:62.15,63.25 1 0
github.com/pv/uniset2-viewer-go/internal/config/config.go:64.10,65.24 1 0
github.com/pv/uniset2-viewer-go/internal/poller/poller.go:30.93,40.2 1 1
github.com/pv/uniset2-viewer-go/internal/poller/poller.go:43.53,47.2 3 1
github.com/pv/uniset2-viewer-go/internal/poller/poller.go:50.43,54.2 3 1
github.com/pv/uniset2-viewer-go/internal/poller/poller.go:57.45,61.2 3 1
github.com/pv/uniset2-viewer-go/internal/poller/poller.go:64.68,68.2 3 1
github.com/pv/uniset2-viewer-go/internal/poller/poller.go:71.43,78.6 4 1
github.com/pv/uniset2-viewer-go/internal/poller/poller.go:78.6,79.10 1 1
github.com/pv/uniset2-viewer-go/internal/poller/poller.go:80.21,81.10 1 1
github.com/pv/uniset2-viewer-go/internal/poller/poller.go:82.19,83.12 1 1
github.com/pv/uniset2-viewer-go/internal/poller/poller.go:88.25,91.36 3 1
github.com/pv/uniset2-viewer-go/internal/poller/poller.go:91.36,93.3 1 1
github.com/pv/uniset2-viewer-go/internal/poller/poller.go:94.2,98.37 3 1
github.com/pv/uniset2-viewer-go/internal/poller/poller.go:98.37,100.17 2 1
github.com/pv/uniset2-viewer-go/internal/poller/poller.go:100.17,102.12 2 1
github.com/pv/uniset2-viewer-go/internal/poller/poller.go:105.3,111.22 5 1
github.com/pv/uniset2-viewer-go/internal/poller/poller.go:111.22,113.4 1 1
github.com/pv/uniset2-viewer-go/internal/poller/poller.go:116.3,116.28 1 1
github.com/pv/uniset2-viewer-go/internal/poller/poller.go:116.28,117.47 1 1
github.com/pv/uniset2-viewer-go/internal/poller/poller.go:117.47,118.75 1 1
github.com/pv/uniset2-viewer-go/internal/poller/poller.go:118.75,120.6 1 0
github.com/pv/uniset2-viewer-go/internal/poller/poller.go:125.3,125.21 1 1
github.com/pv/uniset2-viewer-go/internal/poller/poller.go:125.21,126.25 1 1
github.com/pv/uniset2-viewer-go/internal/poller/poller.go:126.25,127.37 1 1
github.com/pv/uniset2-viewer-go/internal/poller/poller.go:127.37,129.79 2 1
github.com/pv/uniset2-viewer-go/internal/poller/poller.go:129.79,131.7 1 0
github.com/pv/uniset2-viewer-go/internal/poller/poller.go:134.4,134.26 1 1
github.com/pv/uniset2-viewer-go/internal/poller/poller.go:134.26,135.38 1 1
github.com/pv/uniset2-viewer-go/internal/poller/poller.go:135.38,137.79 2 1
github.com/pv/uniset2-viewer-go/internal/poller/poller.go:137.79,139.7 1 0
github.com/pv/uniset2-viewer-go/internal/poller/poller.go:146.2,146.49 1 1
github.com/pv/uniset2-viewer-go/internal/poller/poller.go:146.49,147.60 1 1
github.com/pv/uniset2-viewer-go/internal/poller/poller.go:147.60,149.4 1 0
github.com/pv/uniset2-viewer-go/internal/poller/poller.go:150.3,150.26 1 1
github.com/pv/uniset2-viewer-go/internal/api/handlers.go:24.158,33.2 1 1
github.com/pv/uniset2-viewer-go/internal/api/handlers.go:36.40,38.2 1 1
github.com/pv/uniset2-viewer-go/internal/api/handlers.go:40.71,43.2 2 1
github.com/pv/uniset2-viewer-go/internal/api/handlers.go:45.82,49.2 3 1
github.com/pv/uniset2-viewer-go/internal/api/handlers.go:53.71,55.16 2 1
github.com/pv/uniset2-viewer-go/internal/api/handlers.go:55.16,58.3 2 0
github.com/pv/uniset2-viewer-go/internal/api/handlers.go:60.2,62.4 1 1
github.com/pv/uniset2-viewer-go/internal/api/handlers.go:67.74,69.16 2 1
github.com/pv/uniset2-viewer-go/internal/api/handlers.go:69.16,72.3 2 1
github.com/pv/uniset2-viewer-go/internal/api/handlers.go:74.2,75.16 2 1
github.com/pv/uniset2-viewer-go/internal/api/handlers.go:75.16,78.3 2 0
github.com/pv/uniset2-viewer-go/internal/api/handlers.go:79.2,79.22 1 1
github.com/pv/uniset2-viewer-go/internal/api/handlers.go:84.72,86.16 2 1
github.com/pv/uniset2-viewer-go/internal/api/handlers.go:86.16,89.3 2 0
github.com/pv/uniset2-viewer-go/internal/api/handlers.go:91.2,92.73 2 1
github.com/pv/uniset2-viewer-go/internal/api/handlers.go:97.74,99.16 2 1
github.com/pv/uniset2-viewer-go/internal/api/handlers.go:99.16,102.3 2 0
github.com/pv/uniset2-viewer-go/internal/api/handlers.go:104.2,105.74 2 1
github.com/pv/uniset2-viewer-go/internal/api/handlers.go:110.79,114.44 3 1
github.com/pv/uniset2-viewer-go/internal/api/handlers.go:114.44,117.3 2 0
github.com/pv/uniset2-viewer-go/internal/api/handlers.go:119.2,120.60 2 1
github.com/pv/uniset2-viewer-go/internal/api/handlers.go:120.60,121.60 1 1
github.com/pv/uniset2-viewer-go/internal/api/handlers.go:121.60,123.4 1 1
github.com/pv/uniset2-viewer-go/internal/api/handlers.go:126.2,127.16 2 1
github.com/pv/uniset2-viewer-go/internal/api/handlers.go:127.16,130.3 2 0
github.com/pv/uniset2-viewer-go/internal/api/handlers.go:132.2,132.25 1 1
github.com/pv/uniset2-viewer-go/internal/api/handlers.go:137.84,141.44 3 0
github.com/pv/uniset2-viewer-go/internal/api/handlers.go:141.44,144.3 2 0
github.com/pv/uniset2-viewer-go/internal/api/handlers.go:146.2,149.57 3 0
github.com/pv/uniset2-viewer-go/internal/api/handlers.go:149.57,150.62 1 0
github.com/pv/uniset2-viewer-go/internal/api/handlers.go:150.62,152.4 1 0
github.com/pv/uniset2-viewer-go/internal/api/handlers.go:155.2,155.51 1 0
github.com/pv/uniset2-viewer-go/internal/api/handlers.go:155.51,156.60 1 0
github.com/pv/uniset2-viewer-go/internal/api/handlers.go:156.60,158.4 1 0
github.com/pv/uniset2-viewer-go/internal/api/handlers.go:161.2,162.16 2 0
github.com/pv/uniset2-viewer-go/internal/api/handlers.go:162.16,165.3 2 0
github.com/pv/uniset2-viewer-go/internal/api/handlers.go:167.2,167.25 1 0
github.com/pv/uniset2-viewer-go/internal/api/handlers.go:172.71,173.27 1 0
github.com/pv/uniset2-viewer-go/internal/api/handlers.go:173.27,179.3 2 0
github.com/pv/uniset2-viewer-go/internal/api/handlers.go:181.2,184.4 1 0
github.com/pv/uniset2-viewer-go/internal/api/handlers.go:189.74,192.16 3 0
github.com/pv/uniset2-viewer-go/internal/api/handlers.go:192.16,195.3 2 0
github.com/pv/uniset2-viewer-go/internal/api/handlers.go:197.2,197.27 1 0
github.com/pv/uniset2-viewer-go/internal/api/handlers.go:197.27,200.3 2 0
github.com/pv/uniset2-viewer-go/internal/api/handlers.go:202.2,203.19 2 0
github.com/pv/uniset2-viewer-go/internal/api/handlers.go:203.19,206.3 2 0
github.com/pv/uniset2-viewer-go/internal/api/handlers.go:208.2,208.33 1 0
github.com/pv/uniset2-viewer-go/internal/api/handlers.go:213.76,215.16 2 0
github.com/pv/uniset2-viewer-go/internal/api/handlers.go:215.16,218.3 2 0
github.com/pv/uniset2-viewer-go/internal/api/handlers.go:220.2,220.27 1 0
github.com/pv/uniset2-viewer-go/internal/api/handlers.go:220.27,223.3 2 0
github.com/pv/uniset2-viewer-go/internal/api/handlers.go:225.2,226.19 2 0
github.com/pv/uniset2-viewer-go/internal/api/handlers.go:226.19,229.3 2 0
github.com/pv/uniset2-viewer-go/internal/api/handlers.go:231.2,231.33 1 0
github.com/pv/uniset2-viewer-go/internal/api/server.go:13.60,20.2 3 0
github.com/pv/uniset2-viewer-go/internal/api/server.go:22.46,44.76 13 0
github.com/pv/uniset2-viewer-go/internal/api/server.go:44.76,46.3 1 0
github.com/pv/uniset2-viewer-go/internal/api/server.go:49.68,51.2 1 0
github.com/pv/uniset2-viewer-go/internal/api/sse.go:35.26,39.2 1 1
github.com/pv/uniset2-viewer-go/internal/api/sse.go:42.58,55.2 6 1
github.com/pv/uniset2-viewer-go/internal/api/sse.go:58.50,65.2 5 1
github.com/pv/uniset2-viewer-go/internal/api/sse.go:68.44,72.32 3 1
github.com/pv/uniset2-viewer-go/internal/api/sse.go:72.32,74.71 1 1
github.com/pv/uniset2-viewer-go/internal/api/sse.go:74.71,75.11 1 1
github.com/pv/uniset2-viewer-go/internal/api/sse.go:76.32,76.32 0 1
github.com/pv/uniset2-viewer-go/internal/api/sse.go:77.12,80.34 1 1
github.com/pv/uniset2-viewer-go/internal/api/sse.go:87.82,94.2 1 1
github.com/pv/uniset2-viewer-go/internal/api/sse.go:97.36,101.2 3 1
github.com/pv/uniset2-viewer-go/internal/api/sse.go:105.70,108.9 2 1
github.com/pv/uniset2-viewer-go/internal/api/sse.go:108.9,111.3 2 0
github.com/pv/uniset2-viewer-go/internal/api/sse.go:114.2,138.6 11 1
github.com/pv/uniset2-viewer-go/internal/api/sse.go:138.6,139.10 1 1
github.com/pv/uniset2-viewer-go/internal/api/sse.go:140.29,141.10 1 1
github.com/pv/uniset2-viewer-go/internal/api/sse.go:142.22,143.10 1 0
github.com/pv/uniset2-viewer-go/internal/api/sse.go:144.33,146.19 2 1
github.com/pv/uniset2-viewer-go/internal/api/sse.go:152.72,154.16 2 1
github.com/pv/uniset2-viewer-go/internal/api/sse.go:154.16,157.3 2 0
github.com/pv/uniset2-viewer-go/internal/api/sse.go:159.2,160.38 2 1
